#
# There is insufficient memory for the Java Runtime Environment to continue.
# Native memory allocation (malloc) failed to allocate 32744 bytes for ChunkPool::allocate
# Possible reasons:
#   The system is out of physical RAM or swap space
#   The process is running with CompressedOops enabled, and the Java Heap may be blocking the growth of the native heap
# Possible solutions:
#   Reduce memory load on the system
#   Increase physical memory or swap space
#   Check if swap backing store is full
#   Decrease Java heap size (-Xmx/-Xms)
#   Decrease number of Java threads
#   Decrease Java thread stack sizes (-Xss)
#   Set larger code cache with -XX:ReservedCodeCacheSize=
#   JVM is running with Unscaled Compressed Oops mode in which the Java heap is
#     placed in the first 4GB address space. The Java Heap base address is the
#     maximum limit for the native heap growth. Please use -XX:HeapBaseMinAddress
#     to set the Java Heap base and to place the Java Heap above 4GB virtual address.
# This output file may be truncated or incomplete.
#
#  Out of Memory Error (allocation.cpp:273), pid=7848, tid=0x0000000000001c40
#
# JRE version: Java(TM) SE Runtime Environment (8.0_201-b09) (build 1.8.0_201-b09)
# Java VM: Java HotSpot(TM) 64-Bit Server VM (25.201-b09 mixed mode windows-amd64 compressed oops)
# Failed to write core dump. Minidumps are not enabled by default on client versions of Windows
#

---------------  T H R E A D  ---------------

Current thread (0x0000000016bb9000):  JavaThread "restartedMain" [_thread_in_vm, id=7232, stack(0x00000000181c0000,0x00000000182c0000)]

Stack: [0x00000000181c0000,0x00000000182c0000]
[error occurred during error reporting (printing stack bounds), id 0xc0000005]

Native frames: (J=compiled Java code, j=interpreted, Vv=VM code, C=native code)

Java frames: (J=compiled Java code, j=interpreted, Vv=VM code)
J 901  java.lang.ClassLoader.defineClass1(Ljava/lang/String;[BIILjava/security/ProtectionDomain;Ljava/lang/String;)Ljava/lang/Class; (0 bytes) @ 0x00000000036e7a9f [0x00000000036e7a00+0x9f]
J 840 C1 java.lang.ClassLoader.defineClass(Ljava/lang/String;[BIILjava/security/ProtectionDomain;)Ljava/lang/Class; (43 bytes) @ 0x00000000036c8edc [0x00000000036c8de0+0xfc]
J 843 C1 java.net.URLClassLoader.defineClass(Ljava/lang/String;Lsun/misc/Resource;)Ljava/lang/Class; (142 bytes) @ 0x00000000036cc14c [0x00000000036cb780+0x9cc]
J 724 C1 java.net.URLClassLoader$1.run()Ljava/lang/Class; (63 bytes) @ 0x000000000369b674 [0x000000000369b5c0+0xb4]
J 723 C1 java.net.URLClassLoader$1.run()Ljava/lang/Object; (5 bytes) @ 0x000000000369b294 [0x000000000369b260+0x34]
v  ~StubRoutines::call_stub
J 553  java.security.AccessController.doPrivileged(Ljava/security/PrivilegedExceptionAction;Ljava/security/AccessControlContext;)Ljava/lang/Object; (0 bytes) @ 0x00000000036460a6 [0x0000000003646040+0x66]
J 721 C1 java.net.URLClassLoader.findClass(Ljava/lang/String;)Ljava/lang/Class; (47 bytes) @ 0x000000000369aa34 [0x000000000369a980+0xb4]
J 534 C1 java.lang.ClassLoader.loadClass(Ljava/lang/String;Z)Ljava/lang/Class; (122 bytes) @ 0x0000000003640024 [0x000000000363fd20+0x304]
J 629 C1 sun.misc.Launcher$AppClassLoader.loadClass(Ljava/lang/String;Z)Ljava/lang/Class; (85 bytes) @ 0x0000000003673084 [0x0000000003672da0+0x2e4]
J 628 C1 java.lang.ClassLoader.loadClass(Ljava/lang/String;)Ljava/lang/Class; (7 bytes) @ 0x0000000003672a64 [0x0000000003672a20+0x44]
v  ~StubRoutines::call_stub
J 2235  java.lang.Class.getDeclaredMethods0(Z)[Ljava/lang/reflect/Method; (0 bytes) @ 0x00000000039441fb [0x00000000039441c0+0x3b]
J 1319 C1 java.lang.Class.privateGetDeclaredMethods(Z)[Ljava/lang/reflect/Method; (67 bytes) @ 0x00000000037698c4 [0x00000000037697c0+0x104]
J 2269 C1 org.springframework.util.ReflectionUtils.getDeclaredMethods(Ljava/lang/Class;)[Ljava/lang/reflect/Method; (186 bytes) @ 0x000000000394fd1c [0x000000000394fb60+0x1bc]
J 2846 C1 org.springframework.util.ReflectionUtils.doWithLocalMethods(Ljava/lang/Class;Lorg/springframework/util/ReflectionUtils$MethodCallback;)V (88 bytes) @ 0x0000000003a5d15c [0x0000000003a5d140+0x1c]
j  org.springframework.orm.jpa.support.PersistenceAnnotationBeanPostProcessor.buildPersistenceMetadata(Ljava/lang/Class;)Lorg/springframework/beans/factory/annotation/InjectionMetadata;+41
j  org.springframework.orm.jpa.support.PersistenceAnnotationBeanPostProcessor.findPersistenceMetadata(Ljava/lang/String;Ljava/lang/Class;Lorg/springframework/beans/PropertyValues;)Lorg/springframework/beans/factory/annotation/InjectionMetadata;+88
j  org.springframework.orm.jpa.support.PersistenceAnnotationBeanPostProcessor.postProcessMergedBeanDefinition(Lorg/springframework/beans/factory/support/RootBeanDefinition;Ljava/lang/Class;Ljava/lang/String;)V+4
j  org.springframework.beans.factory.support.AbstractAutowireCapableBeanFactory.applyMergedBeanDefinitionPostProcessors(Lorg/springframework/beans/factory/support/RootBeanDefinition;Ljava/lang/Class;Ljava/lang/String;)V+53
j  org.springframework.beans.factory.support.AbstractAutowireCapableBeanFactory.doCreateBean(Ljava/lang/String;Lorg/springframework/beans/factory/support/RootBeanDefinition;[Ljava/lang/Object;)Ljava/lang/Object;+90
j  org.springframework.beans.factory.support.AbstractAutowireCapableBeanFactory.createBean(Ljava/lang/String;Lorg/springframework/beans/factory/support/RootBeanDefinition;[Ljava/lang/Object;)Ljava/lang/Object;+169
j  org.springframework.beans.factory.support.AbstractBeanFactory.lambda$doGetBean$0(Ljava/lang/String;Lorg/springframework/beans/factory/support/RootBeanDefinition;[Ljava/lang/Object;)Ljava/lang/Object;+4
j  org.springframework.beans.factory.support.AbstractBeanFactory$$Lambda$108.getObject()Ljava/lang/Object;+16
j  org.springframework.beans.factory.support.DefaultSingletonBeanRegistry.getSingleton(Ljava/lang/String;Lorg/springframework/beans/factory/ObjectFactory;)Ljava/lang/Object;+132
J 2650 C1 org.springframework.beans.factory.support.AbstractBeanFactory.doGetBean(Ljava/lang/String;Ljava/lang/Class;[Ljava/lang/Object;Z)Ljava/lang/Object; (833 bytes) @ 0x0000000003a06b0c [0x0000000003a06540+0x5cc]
j  org.springframework.beans.factory.support.AbstractBeanFactory.getBean(Ljava/lang/String;)Ljava/lang/Object;+5
j  org.springframework.beans.factory.support.DefaultListableBeanFactory.preInstantiateSingletons()V+248
j  org.springframework.context.support.AbstractApplicationContext.finishBeanFactoryInitialization(Lorg/springframework/beans/factory/config/ConfigurableListableBeanFactory;)V+124
j  org.springframework.context.support.AbstractApplicationContext.refresh()V+54
j  org.springframework.boot.web.servlet.context.ServletWebServerApplicationContext.refresh()V+1
j  org.springframework.boot.SpringApplication.refresh(Lorg/springframework/context/ApplicationContext;)V+10
j  org.springframework.boot.SpringApplication.refreshContext(Lorg/springframework/context/ConfigurableApplicationContext;)V+2
j  org.springframework.boot.SpringApplication.run([Ljava/lang/String;)Lorg/springframework/context/ConfigurableApplicationContext;+118
j  org.springframework.boot.SpringApplication.run([Ljava/lang/Class;[Ljava/lang/String;)Lorg/springframework/context/ConfigurableApplicationContext;+9
j  org.springframework.boot.SpringApplication.run(Ljava/lang/Class;[Ljava/lang/String;)Lorg/springframework/context/ConfigurableApplicationContext;+9
j  com.my.vipzal.VipzalApplication.main([Ljava/lang/String;)V+3
v  ~StubRoutines::call_stub
j  sun.reflect.NativeMethodAccessorImpl.invoke0(Ljava/lang/reflect/Method;Ljava/lang/Object;[Ljava/lang/Object;)Ljava/lang/Object;+0
j  sun.reflect.NativeMethodAccessorImpl.invoke(Ljava/lang/Object;[Ljava/lang/Object;)Ljava/lang/Object;+100
j  sun.reflect.DelegatingMethodAccessorImpl.invoke(Ljava/lang/Object;[Ljava/lang/Object;)Ljava/lang/Object;+6
j  java.lang.reflect.Method.invoke(Ljava/lang/Object;[Ljava/lang/Object;)Ljava/lang/Object;+56
j  org.springframework.boot.devtools.restart.RestartLauncher.run()V+41
v  ~StubRoutines::call_stub

---------------  P R O C E S S  ---------------

Java Threads: ( => current thread )
  0x0000000019408800 JavaThread "mysql-cj-abandoned-connection-cleanup" daemon [_thread_blocked, id=11600, stack(0x000000001aa90000,0x000000001ab90000)]
  0x0000000019347000 JavaThread "container-0" [_thread_blocked, id=9268, stack(0x000000001a990000,0x000000001aa90000)]
  0x000000001933c000 JavaThread "Catalina-utility-2" [_thread_blocked, id=7024, stack(0x000000001a890000,0x000000001a990000)]
  0x000000001933b800 JavaThread "Catalina-utility-1" [_thread_blocked, id=9072, stack(0x000000001a790000,0x000000001a890000)]
=>0x0000000016bb9000 JavaThread "restartedMain" [_thread_in_vm, id=7232, stack(0x00000000181c0000,0x00000000182c0000)]
  0x000000001751e000 JavaThread "Thread-1" [_thread_blocked, id=9156, stack(0x00000000180c0000,0x00000000181c0000)]
  0x0000000017219800 JavaThread "RMI TCP Accept-0" daemon [_thread_in_native, id=7740, stack(0x0000000017b70000,0x0000000017c70000)]
  0x0000000016ba1800 JavaThread "Service Thread" daemon [_thread_blocked, id=8876, stack(0x0000000016f30000,0x0000000017030000)]
  0x0000000016b99000 JavaThread "C1 CompilerThread1" daemon [_thread_blocked, id=5348, stack(0x0000000016e30000,0x0000000016f30000)]
  0x0000000016b44800 JavaThread "C2 CompilerThread0" daemon [_thread_blocked, id=3956, stack(0x0000000016d30000,0x0000000016e30000)]
  0x0000000015899000 JavaThread "Monitor Ctrl-Break" daemon [_thread_in_native, id=6980, stack(0x0000000016c30000,0x0000000016d30000)]
  0x000000001580a800 JavaThread "Attach Listener" daemon [_thread_blocked, id=9220, stack(0x0000000016730000,0x0000000016830000)]
  0x0000000015809800 JavaThread "Signal Dispatcher" daemon [_thread_blocked, id=10552, stack(0x0000000016630000,0x0000000016730000)]
  0x00000000032b8000 JavaThread "Finalizer" daemon [_thread_blocked, id=11560, stack(0x0000000016430000,0x0000000016530000)]
  0x00000000157e8000 JavaThread "Reference Handler" daemon [_thread_blocked, id=1928, stack(0x0000000016330000,0x0000000016430000)]
  0x00000000031c8800 JavaThread "main" [_thread_blocked, id=7284, stack(0x0000000002fc0000,0x00000000030c0000)]

Other Threads:
  0x00000000157c7000 VMThread [stack: 0x0000000016230000,0x0000000016330000] [id=9452]
  0x0000000017227000 WatcherThread [stack: 0x0000000017c70000,0x0000000017d70000] [id=10732]

VM state:not at safepoint (normal execution)

VM Mutex/Monitor currently owned by a thread: None

heap address: 0x00000000c1c00000, size: 996 MB, Compressed Oops mode: 32-bit
Narrow klass base: 0x0000000000000000, Narrow klass shift: 3
Compressed class space size: 1073741824 Address: 0x0000000100000000

Heap:
 PSYoungGen      total 275456K, used 53642K [0x00000000eb400000, 0x00000000fe000000, 0x0000000100000000)
  eden space 274944K, 19% used [0x00000000eb400000,0x00000000ee862910,0x00000000fc080000)
  from space 512K, 0% used [0x00000000fcb00000,0x00000000fcb00000,0x00000000fcb80000)
  to   space 12800K, 0% used [0x00000000fd380000,0x00000000fd380000,0x00000000fe000000)
 ParOldGen       total 29184K, used 16200K [0x00000000c1c00000, 0x00000000c3880000, 0x00000000eb400000)
  object space 29184K, 55% used [0x00000000c1c00000,0x00000000c2bd23b0,0x00000000c3880000)
 Metaspace       used 43953K, capacity 45496K, committed 45992K, reserved 1091584K
  class space    used 6153K, capacity 6458K, committed 6568K, reserved 1048576K

Card table byte_map: [0x0000000012830000,0x0000000012a30000] byte_map_base: 0x0000000012222000

Marking Bits: (ParMarkBitMap*) 0x0000000058004ce0
 Begin Bits: [0x0000000012d80000, 0x0000000013d10000)
 End Bits:   [0x0000000013d10000, 0x0000000014ca0000)

Polling page: 0x0000000001350000

CodeCache: size=245760Kb used=7485Kb max_used=7485Kb free=238275Kb
 bounds [0x0000000003470000, 0x0000000003bc0000, 0x0000000012470000]
 total_blobs=4271 nmethods=3752 adapters=431
 compilation: enabled

Compilation events (10 events):
Event: 46.378 Thread 0x0000000016b99000 3782       1       org.springframework.cglib.proxy.Enhancer::emitCurrentCallback (59 bytes)
Event: 46.381 Thread 0x0000000016b99000 nmethod 3782 0x0000000003bbd710 code [0x0000000003bbd9a0, 0x0000000003bbe398]
Event: 46.381 Thread 0x0000000016b99000 3783       1       org.springframework.cglib.core.CodeEmitter::array_load (14 bytes)
Event: 46.381 Thread 0x0000000016b99000 nmethod 3783 0x0000000003bbec90 code [0x0000000003bbee00, 0x0000000003bbef78]
Event: 46.384 Thread 0x0000000016b99000 3784       1       java.lang.reflect.Field::acquireFieldAccessor (59 bytes)
Event: 46.385 Thread 0x0000000016b99000 nmethod 3784 0x0000000003bbf050 code [0x0000000003bbf1e0, 0x0000000003bbf4e8]
Event: 46.385 Thread 0x0000000016b99000 3785       1       java.lang.reflect.Field::getFieldAccessor (16 bytes)
Event: 46.385 Thread 0x0000000016b99000 nmethod 3785 0x0000000003bbf690 code [0x0000000003bbf7e0, 0x0000000003bbf910]
Event: 46.385 Thread 0x0000000016b99000 3786       1       sun.reflect.UnsafeFieldAccessorImpl::<init> (56 bytes)
Event: 46.386 Thread 0x0000000016b99000 nmethod 3786 0x0000000003bbf950 code [0x0000000003bbfac0, 0x0000000003bbfcb8]

GC Heap History (10 events):
Event: 45.057 GC heap before
{Heap before GC invocations=17 (full 4):
 PSYoungGen      total 274432K, used 4712K [0x00000000eb400000, 0x00000000fe400000, 0x0000000100000000)
  eden space 261632K, 0% used [0x00000000eb400000,0x00000000eb400000,0x00000000fb380000)
  from space 12800K, 36% used [0x00000000fcb00000,0x00000000fcf9a240,0x00000000fd780000)
  to   space 4608K, 0% used [0x00000000fdf80000,0x00000000fdf80000,0x00000000fe400000)
 ParOldGen       total 29184K, used 21504K [0x00000000c1c00000, 0x00000000c3880000, 0x00000000eb400000)
  object space 29184K, 73% used [0x00000000c1c00000,0x00000000c3100078,0x00000000c3880000)
 Metaspace       used 42750K, capacity 44296K, committed 44584K, reserved 1093632K
  class space    used 6016K, capacity 6346K, committed 6440K, reserved 1048576K
Event: 45.190 GC heap after
Heap after GC invocations=17 (full 4):
 PSYoungGen      total 274432K, used 0K [0x00000000eb400000, 0x00000000fe400000, 0x0000000100000000)
  eden space 261632K, 0% used [0x00000000eb400000,0x00000000eb400000,0x00000000fb380000)
  from space 12800K, 0% used [0x00000000fcb00000,0x00000000fcb00000,0x00000000fd780000)
  to   space 4608K, 0% used [0x00000000fdf80000,0x00000000fdf80000,0x00000000fe400000)
 ParOldGen       total 29184K, used 22717K [0x00000000c1c00000, 0x00000000c3880000, 0x00000000eb400000)
  object space 29184K, 77% used [0x00000000c1c00000,0x00000000c322f708,0x00000000c3880000)
 Metaspace       used 42750K, capacity 44296K, committed 44584K, reserved 1091584K
  class space    used 6016K, capacity 6346K, committed 6440K, reserved 1048576K
}
Event: 45.195 GC heap before
{Heap before GC invocations=18 (full 4):
 PSYoungGen      total 274432K, used 0K [0x00000000eb400000, 0x00000000fe400000, 0x0000000100000000)
  eden space 261632K, 0% used [0x00000000eb400000,0x00000000eb400000,0x00000000fb380000)
  from space 12800K, 0% used [0x00000000fcb00000,0x00000000fcb00000,0x00000000fd780000)
  to   space 4608K, 0% used [0x00000000fdf80000,0x00000000fdf80000,0x00000000fe400000)
 ParOldGen       total 29184K, used 22717K [0x00000000c1c00000, 0x00000000c3880000, 0x00000000eb400000)
  object space 29184K, 77% used [0x00000000c1c00000,0x00000000c322f708,0x00000000c3880000)
 Metaspace       used 42751K, capacity 44296K, committed 44584K, reserved 1095680K
  class space    used 6016K, capacity 6346K, committed 6440K, reserved 1048576K
Event: 45.198 GC heap after
Heap after GC invocations=18 (full 4):
 PSYoungGen      total 266240K, used 0K [0x00000000eb400000, 0x00000000fe400000, 0x0000000100000000)
  eden space 261632K, 0% used [0x00000000eb400000,0x00000000eb400000,0x00000000fb380000)
  from space 4608K, 0% used [0x00000000fdf80000,0x00000000fdf80000,0x00000000fe400000)
  to   space 12800K, 0% used [0x00000000fcb00000,0x00000000fcb00000,0x00000000fd780000)
 ParOldGen       total 29184K, used 22717K [0x00000000c1c00000, 0x00000000c3880000, 0x00000000eb400000)
  object space 29184K, 77% used [0x00000000c1c00000,0x00000000c322f708,0x00000000c3880000)
 Metaspace       used 42751K, capacity 44296K, committed 44584K, reserved 1095680K
  class space    used 6016K, capacity 6346K, committed 6440K, reserved 1048576K
}
Event: 45.198 GC heap before
{Heap before GC invocations=19 (full 5):
 PSYoungGen      total 266240K, used 0K [0x00000000eb400000, 0x00000000fe400000, 0x0000000100000000)
  eden space 261632K, 0% used [0x00000000eb400000,0x00000000eb400000,0x00000000fb380000)
  from space 4608K, 0% used [0x00000000fdf80000,0x00000000fdf80000,0x00000000fe400000)
  to   space 12800K, 0% used [0x00000000fcb00000,0x00000000fcb00000,0x00000000fd780000)
 ParOldGen       total 29184K, used 22717K [0x00000000c1c00000, 0x00000000c3880000, 0x00000000eb400000)
  object space 29184K, 77% used [0x00000000c1c00000,0x00000000c322f708,0x00000000c3880000)
 Metaspace       used 42751K, capacity 44296K, committed 44584K, reserved 1095680K
  class space    used 6016K, capacity 6346K, committed 6440K, reserved 1048576K
Event: 45.321 GC heap after
Heap after GC invocations=19 (full 5):
 PSYoungGen      total 266240K, used 0K [0x00000000eb400000, 0x00000000fe400000, 0x0000000100000000)
  eden space 261632K, 0% used [0x00000000eb400000,0x00000000eb400000,0x00000000fb380000)
  from space 4608K, 0% used [0x00000000fdf80000,0x00000000fdf80000,0x00000000fe400000)
  to   space 12800K, 0% used [0x00000000fcb00000,0x00000000fcb00000,0x00000000fd780000)
 ParOldGen       total 29184K, used 19281K [0x00000000c1c00000, 0x00000000c3880000, 0x00000000eb400000)
  object space 29184K, 66% used [0x00000000c1c00000,0x00000000c2ed4630,0x00000000c3880000)
 Metaspace       used 42751K, capacity 44296K, committed 44584K, reserved 1091584K
  class space    used 6016K, capacity 6346K, committed 6440K, reserved 1048576K
}
Event: 45.322 GC heap before
{Heap before GC invocations=20 (full 5):
 PSYoungGen      total 266240K, used 0K [0x00000000eb400000, 0x00000000fe400000, 0x0000000100000000)
  eden space 261632K, 0% used [0x00000000eb400000,0x00000000eb400000,0x00000000fb380000)
  from space 4608K, 0% used [0x00000000fdf80000,0x00000000fdf80000,0x00000000fe400000)
  to   space 12800K, 0% used [0x00000000fcb00000,0x00000000fcb00000,0x00000000fd780000)
 ParOldGen       total 29184K, used 19281K [0x00000000c1c00000, 0x00000000c3880000, 0x00000000eb400000)
  object space 29184K, 66% used [0x00000000c1c00000,0x00000000c2ed4630,0x00000000c3880000)
 Metaspace       used 42751K, capacity 44296K, committed 44584K, reserved 1095680K
  class space    used 6016K, capacity 6346K, committed 6440K, reserved 1048576K
Event: 45.326 GC heap after
Heap after GC invocations=20 (full 5):
 PSYoungGen      total 275456K, used 0K [0x00000000eb400000, 0x00000000fe000000, 0x0000000100000000)
  eden space 274944K, 0% used [0x00000000eb400000,0x00000000eb400000,0x00000000fc080000)
  from space 512K, 0% used [0x00000000fcb00000,0x00000000fcb00000,0x00000000fcb80000)
  to   space 12800K, 0% used [0x00000000fd380000,0x00000000fd380000,0x00000000fe000000)
 ParOldGen       total 29184K, used 19281K [0x00000000c1c00000, 0x00000000c3880000, 0x00000000eb400000)
  object space 29184K, 66% used [0x00000000c1c00000,0x00000000c2ed4630,0x00000000c3880000)
 Metaspace       used 42751K, capacity 44296K, committed 44584K, reserved 1095680K
  class space    used 6016K, capacity 6346K, committed 6440K, reserved 1048576K
}
Event: 45.326 GC heap before
{Heap before GC invocations=21 (full 6):
 PSYoungGen      total 275456K, used 0K [0x00000000eb400000, 0x00000000fe000000, 0x0000000100000000)
  eden space 274944K, 0% used [0x00000000eb400000,0x00000000eb400000,0x00000000fc080000)
  from space 512K, 0% used [0x00000000fcb00000,0x00000000fcb00000,0x00000000fcb80000)
  to   space 12800K, 0% used [0x00000000fd380000,0x00000000fd380000,0x00000000fe000000)
 ParOldGen       total 29184K, used 19281K [0x00000000c1c00000, 0x00000000c3880000, 0x00000000eb400000)
  object space 29184K, 66% used [0x00000000c1c00000,0x00000000c2ed4630,0x00000000c3880000)
 Metaspace       used 42751K, capacity 44296K, committed 44584K, reserved 1095680K
  class space    used 6016K, capacity 6346K, committed 6440K, reserved 1048576K
Event: 45.635 GC heap after
Heap after GC invocations=21 (full 6):
 PSYoungGen      total 275456K, used 0K [0x00000000eb400000, 0x00000000fe000000, 0x0000000100000000)
  eden space 274944K, 0% used [0x00000000eb400000,0x00000000eb400000,0x00000000fc080000)
  from space 512K, 0% used [0x00000000fcb00000,0x00000000fcb00000,0x00000000fcb80000)
  to   space 12800K, 0% used [0x00000000fd380000,0x00000000fd380000,0x00000000fe000000)
 ParOldGen       total 29184K, used 16200K [0x00000000c1c00000, 0x00000000c3880000, 0x00000000eb400000)
  object space 29184K, 55% used [0x00000000c1c00000,0x00000000c2bd23b0,0x00000000c3880000)
 Metaspace       used 42615K, capacity 44078K, committed 44584K, reserved 1091584K
  class space    used 5994K, capacity 6305K, committed 6440K, reserved 1048576K
}

Deoptimization events (0 events):
No events

Classes redefined (0 events):
No events

Internal exceptions (10 events):
Event: 38.458 Thread 0x0000000016bb9000 Exception <a 'java/lang/ArrayIndexOutOfBoundsException'> (0x00000000f1c6df50) thrown at [C:\re\workspace\8-2-build-windows-amd64-cygwin\jdk8u201\12322\hotspot\src\share\vm\runtime\sharedRuntime.cpp, line 605]
Event: 38.458 Thread 0x0000000016bb9000 Exception <a 'java/lang/ArrayIndexOutOfBoundsException'> (0x00000000f1c6f798) thrown at [C:\re\workspace\8-2-build-windows-amd64-cygwin\jdk8u201\12322\hotspot\src\share\vm\runtime\sharedRuntime.cpp, line 605]
Event: 38.462 Thread 0x0000000016bb9000 Exception <a 'java/lang/ArrayIndexOutOfBoundsException'> (0x00000000f1c8e788) thrown at [C:\re\workspace\8-2-build-windows-amd64-cygwin\jdk8u201\12322\hotspot\src\share\vm\runtime\sharedRuntime.cpp, line 605]
Event: 38.463 Thread 0x0000000016bb9000 Exception <a 'java/lang/ArrayIndexOutOfBoundsException'> (0x00000000f1c913c8) thrown at [C:\re\workspace\8-2-build-windows-amd64-cygwin\jdk8u201\12322\hotspot\src\share\vm\runtime\sharedRuntime.cpp, line 605]
Event: 39.792 Thread 0x0000000016bb9000 Exception <a 'java/io/FileNotFoundException'> (0x00000000f0b6ade8) thrown at [C:\re\workspace\8-2-build-windows-amd64-cygwin\jdk8u201\12322\hotspot\src\share\vm\prims\jni.cpp, line 709]
Event: 39.792 Thread 0x0000000016bb9000 Exception <a 'java/io/FileNotFoundException'> (0x00000000f0b6beb8) thrown at [C:\re\workspace\8-2-build-windows-amd64-cygwin\jdk8u201\12322\hotspot\src\share\vm\prims\jni.cpp, line 709]
Event: 39.984 Thread 0x0000000016bb9000 Exception <a 'java/io/FileNotFoundException'> (0x00000000f11163a0) thrown at [C:\re\workspace\8-2-build-windows-amd64-cygwin\jdk8u201\12322\hotspot\src\share\vm\prims\jni.cpp, line 709]
Event: 43.709 Thread 0x0000000016bb9000 Exception <a 'java/lang/ArrayIndexOutOfBoundsException'> (0x00000000ebc3a428) thrown at [C:\re\workspace\8-2-build-windows-amd64-cygwin\jdk8u201\12322\hotspot\src\share\vm\runtime\sharedRuntime.cpp, line 605]
Event: 43.751 Thread 0x0000000016bb9000 Exception <a 'java/lang/NoSuchMethodError': java.lang.Object.lambda$andThen$1(Ljava/util/function/Function;Ljava/lang/Object;)Ljava/lang/Object;> (0x00000000ebd8d0f8) thrown at [C:\re\workspace\8-2-build-windows-amd64-cygwin\jdk8u201\12322\hotspot\src\sha
Event: 44.272 Thread 0x0000000016bb9000 Exception <a 'java/lang/ArrayIndexOutOfBoundsException'> (0x00000000ecdcee60) thrown at [C:\re\workspace\8-2-build-windows-amd64-cygwin\jdk8u201\12322\hotspot\src\share\vm\runtime\sharedRuntime.cpp, line 605]

Events (10 events):
Event: 46.388 loading class org/springframework/transaction/support/AbstractTransactionStatus
Event: 46.388 loading class org/springframework/transaction/support/AbstractTransactionStatus done
Event: 46.390 loading class org/hibernate/engine/spi/SessionImplementor
Event: 46.390 loading class org/hibernate/engine/spi/SessionImplementor done
Event: 46.391 loading class org/hibernate/jpa/spi/HibernateEntityManagerImplementor
Event: 46.391 loading class org/hibernate/jpa/spi/HibernateEntityManagerImplementor done
Event: 46.392 loading class org/hibernate/ejb/HibernateEntityManager
Event: 46.392 loading class org/hibernate/ejb/HibernateEntityManager done
Event: 46.393 loading class org/hibernate/jpa/spi/HibernateEntityManagerFactoryAware
Event: 46.393 loading class org/hibernate/jpa/spi/HibernateEntityManagerFactoryAware done


Dynamic libraries:
0x00007ff644fc0000 - 0x00007ff644ff7000 	C:\Program Files\Java\jdk1.8.0_201\bin\java.exe
0x00007ffd0ffd0000 - 0x00007ffd101bd000 	C:\WINDOWS\SYSTEM32\ntdll.dll
0x00007ffd0e250000 - 0x00007ffd0e303000 	C:\WINDOWS\System32\KERNEL32.DLL
0x00007ffd0c130000 - 0x00007ffd0c3c3000 	C:\WINDOWS\System32\KERNELBASE.dll
0x00007ffd0f940000 - 0x00007ffd0f9e3000 	C:\WINDOWS\System32\ADVAPI32.dll
0x00007ffd0f9f0000 - 0x00007ffd0fa8e000 	C:\WINDOWS\System32\msvcrt.dll
0x00007ffd0fb80000 - 0x00007ffd0fc1e000 	C:\WINDOWS\System32\sechost.dll
0x00007ffd0d510000 - 0x00007ffd0d632000 	C:\WINDOWS\System32\RPCRT4.dll
0x00007ffd0fc20000 - 0x00007ffd0fdb7000 	C:\WINDOWS\System32\USER32.dll
0x00007ffd0c4d0000 - 0x00007ffd0c4f0000 	C:\WINDOWS\System32\win32u.dll
0x00007ffd0e080000 - 0x00007ffd0e0a9000 	C:\WINDOWS\System32\GDI32.dll
0x00007ffd0cd20000 - 0x00007ffd0ceba000 	C:\WINDOWS\System32\gdi32full.dll
0x00007ffd0cfe0000 - 0x00007ffd0d080000 	C:\WINDOWS\System32\msvcp_win.dll
0x00007ffd0c3d0000 - 0x00007ffd0c4ca000 	C:\WINDOWS\System32\ucrtbase.dll
0x00007ffcfe000000 - 0x00007ffcfe279000 	C:\WINDOWS\WinSxS\amd64_microsoft.windows.common-controls_6595b64144ccf1df_6.0.17763.437_none_05b63dca071e5dd6\COMCTL32.dll
0x00007ffd0d640000 - 0x00007ffd0d96c000 	C:\WINDOWS\System32\combase.dll
0x00007ffd0cca0000 - 0x00007ffd0cd1e000 	C:\WINDOWS\System32\bcryptPrimitives.dll
0x00007ffd0d470000 - 0x00007ffd0d49e000 	C:\WINDOWS\System32\IMM32.DLL
0x0000000058090000 - 0x0000000058161000 	C:\Program Files\Java\jdk1.8.0_201\jre\bin\msvcr100.dll
0x00000000577e0000 - 0x0000000058084000 	C:\Program Files\Java\jdk1.8.0_201\jre\bin\server\jvm.dll
0x00007ffd0e0b0000 - 0x00007ffd0e0b8000 	C:\WINDOWS\System32\PSAPI.DLL
0x00007ffd099f0000 - 0x00007ffd099f9000 	C:\WINDOWS\SYSTEM32\WSOCK32.dll
0x00007ffd0d4a0000 - 0x00007ffd0d50d000 	C:\WINDOWS\System32\WS2_32.dll
0x00007ffd09820000 - 0x00007ffd09844000 	C:\WINDOWS\SYSTEM32\WINMM.dll
0x00007ffcfa9b0000 - 0x00007ffcfa9ba000 	C:\WINDOWS\SYSTEM32\VERSION.dll
0x00007ffd097f0000 - 0x00007ffd0981d000 	C:\WINDOWS\SYSTEM32\WINMMBASE.dll
0x00007ffd0cf90000 - 0x00007ffd0cfda000 	C:\WINDOWS\System32\cfgmgr32.dll
0x00007ffd03ea0000 - 0x00007ffd03eaf000 	C:\Program Files\Java\jdk1.8.0_201\jre\bin\verify.dll
0x00007ffd03a20000 - 0x00007ffd03a49000 	C:\Program Files\Java\jdk1.8.0_201\jre\bin\java.dll
0x00007ffd04530000 - 0x00007ffd04553000 	C:\Program Files\Java\jdk1.8.0_201\jre\bin\instrument.dll
0x00007ffd03a00000 - 0x00007ffd03a16000 	C:\Program Files\Java\jdk1.8.0_201\jre\bin\zip.dll
0x00007ffd0e3d0000 - 0x00007ffd0f8c0000 	C:\WINDOWS\System32\SHELL32.dll
0x00007ffd0d260000 - 0x00007ffd0d308000 	C:\WINDOWS\System32\shcore.dll
0x00007ffd0c550000 - 0x00007ffd0cc9a000 	C:\WINDOWS\System32\windows.storage.dll
0x00007ffd0c050000 - 0x00007ffd0c074000 	C:\WINDOWS\System32\profapi.dll
0x00007ffd0c0a0000 - 0x00007ffd0c0fd000 	C:\WINDOWS\System32\powrprof.dll
0x00007ffd0fdc0000 - 0x00007ffd0fe12000 	C:\WINDOWS\System32\shlwapi.dll
0x00007ffd0c030000 - 0x00007ffd0c041000 	C:\WINDOWS\System32\kernel.appcore.dll
0x00007ffd0cec0000 - 0x00007ffd0ced7000 	C:\WINDOWS\System32\cryptsp.dll
0x00007ffd04510000 - 0x00007ffd0452a000 	C:\Program Files\JetBrains\IntelliJ IDEA U 2019.1.1\bin\breakgen64.dll
0x00007ffd039e0000 - 0x00007ffd039fa000 	C:\Program Files\Java\jdk1.8.0_201\jre\bin\net.dll
0x00007ffd001e0000 - 0x00007ffd003b6000 	C:\WINDOWS\SYSTEM32\urlmon.dll
0x00007ffd00640000 - 0x00007ffd008e8000 	C:\WINDOWS\SYSTEM32\iertutil.dll
0x00007ffd0ba20000 - 0x00007ffd0ba2c000 	C:\WINDOWS\SYSTEM32\CRYPTBASE.DLL
0x00007ffd0b850000 - 0x00007ffd0b8b7000 	C:\WINDOWS\system32\mswsock.dll
0x00007ffd0b5f0000 - 0x00007ffd0b6b6000 	C:\WINDOWS\SYSTEM32\DNSAPI.dll
0x00007ffd0fe20000 - 0x00007ffd0fe28000 	C:\WINDOWS\System32\NSI.dll
0x00007ffd0b5b0000 - 0x00007ffd0b5ed000 	C:\WINDOWS\SYSTEM32\IPHLPAPI.DLL
0x00007ffcfef70000 - 0x00007ffcfef7a000 	C:\Windows\System32\rasadhlp.dll
0x00007ffcfe7a0000 - 0x00007ffcfe819000 	C:\WINDOWS\System32\fwpuclnt.dll
0x00007ffd0c100000 - 0x00007ffd0c126000 	C:\WINDOWS\System32\bcrypt.dll
0x00007ffd03be0000 - 0x00007ffd03bed000 	C:\Program Files\Java\jdk1.8.0_201\jre\bin\management.dll
0x00007ffd039c0000 - 0x00007ffd039d1000 	C:\Program Files\Java\jdk1.8.0_201\jre\bin\nio.dll
0x00007ffd0b410000 - 0x00007ffd0b443000 	C:\WINDOWS\system32\rsaenh.dll
0x00007ffd0bf60000 - 0x00007ffd0bf88000 	C:\WINDOWS\SYSTEM32\USERENV.dll
0x00007ffcff020000 - 0x00007ffcff036000 	C:\WINDOWS\SYSTEM32\dhcpcsvc6.DLL
0x00007ffcfef30000 - 0x00007ffcfef4c000 	C:\WINDOWS\SYSTEM32\dhcpcsvc.DLL
0x00007ffcf1af0000 - 0x00007ffcf1b06000 	C:\WINDOWS\system32\napinsp.dll
0x00007ffcf1ad0000 - 0x00007ffcf1aea000 	C:\WINDOWS\system32\pnrpnsp.dll
0x00007ffcf1ac0000 - 0x00007ffcf1ace000 	C:\WINDOWS\System32\winrnr.dll
0x00007ffd07d60000 - 0x00007ffd07d7b000 	C:\WINDOWS\system32\NLAapi.dll
0x00007ffd041e0000 - 0x00007ffd041f5000 	C:\WINDOWS\system32\wshbth.dll

VM Arguments:
jvm_args: -XX:TieredStopAtLevel=1 -Xverify:none -Dspring.output.ansi.enabled=always -Dcom.sun.management.jmxremote -Dspring.jmx.enabled=true -Dspring.liveBeansView.mbeanDomain -Dspring.application.admin.enabled=true -javaagent:C:\Program Files\JetBrains\IntelliJ IDEA U 2019.1.1\lib\idea_rt.jar=14302:C:\Program Files\JetBrains\IntelliJ IDEA U 2019.1.1\bin -Dfile.encoding=UTF-8 
java_command: com.my.vipzal.VipzalApplication
java_class_path (initial): C:\Program Files\Java\jdk1.8.0_201\jre\lib\charsets.jar;C:\Program Files\Java\jdk1.8.0_201\jre\lib\deploy.jar;C:\Program Files\Java\jdk1.8.0_201\jre\lib\ext\access-bridge-64.jar;C:\Program Files\Java\jdk1.8.0_201\jre\lib\ext\cldrdata.jar;C:\Program Files\Java\jdk1.8.0_201\jre\lib\ext\dnsns.jar;C:\Program Files\Java\jdk1.8.0_201\jre\lib\ext\jaccess.jar;C:\Program Files\Java\jdk1.8.0_201\jre\lib\ext\jfxrt.jar;C:\Program Files\Java\jdk1.8.0_201\jre\lib\ext\localedata.jar;C:\Program Files\Java\jdk1.8.0_201\jre\lib\ext\nashorn.jar;C:\Program Files\Java\jdk1.8.0_201\jre\lib\ext\sunec.jar;C:\Program Files\Java\jdk1.8.0_201\jre\lib\ext\sunjce_provider.jar;C:\Program Files\Java\jdk1.8.0_201\jre\lib\ext\sunmscapi.jar;C:\Program Files\Java\jdk1.8.0_201\jre\lib\ext\sunpkcs11.jar;C:\Program Files\Java\jdk1.8.0_201\jre\lib\ext\zipfs.jar;C:\Program Files\Java\jdk1.8.0_201\jre\lib\javaws.jar;C:\Program Files\Java\jdk1.8.0_201\jre\lib\jce.jar;C:\Program Files\Java\jdk1.8.0_201\jre\lib\jfr.jar;C:\Program Files\Java\jdk1.8.0_201\jre\lib\jfxswt.jar;C:\Program Files\Java\jdk1.8.0_201\jre\lib\jsse.jar;C:\Program Files\Java\jdk1.8.0_201\jre\lib\management-agent.jar;C:\Program Files\Java\jdk1.8.0_201\jre\lib\plugin.jar;C:\Program Files\Java\jdk1.8.0_201\jre\lib\resources.jar;C:\Program Files\Java\jdk1.8.0_201\jre\lib\rt.jar;D:\ProjectProgramming\vipzal\build\classes\java\main;D:\ProjectProgramming\vipzal\out\production\resources;C:\Users\WDeath\.gradle\caches\modules-2\files-2.1\mysql\mysql-connector-java\8.0.15\1cd928d0f1a93563993ce1d8b468217ea0d19b11\mysql-connector-java-8.0.15.jar;C:\Users\WDeath\.gradle\caches\modules-2\files-2.1\org.springframework.boot\spring-boot-starter-data-jpa\2.1.4.RELEASE\d5b7a85a533cb631048a8fd161f508a9a1f69f44\spring-boot-starter-data-jpa-2.1.4.RELEASE.jar;C:\Users\WDeath\.gradle\caches\modules-2\files-2.1\org.springframework.boot\spring-boot-starter-thymeleaf\2.1.4.RELEASE\631b7593129c2f8f43df783fc7fd4a0b5edce747\spring-boot-star
Launcher Type: SUN_STANDARD

Environment Variables:
PATH=C:\Program Files (x86)\Common Files\Oracle\Java\javapath;C:\WINDOWS\system32;C:\WINDOWS;C:\WINDOWS\System32\Wbem;C:\WINDOWS\System32\WindowsPowerShell\v1.0\;C:\Program Files\Git\cmd;C:\WINDOWS\System32\OpenSSH\;D:\gradle-5.2.1\bin;C:\Users\WDeath\AppData\Local\Microsoft\WindowsApps;
USERNAME=WDeath
OS=Windows_NT
PROCESSOR_IDENTIFIER=Intel64 Family 6 Model 55 Stepping 8, GenuineIntel



---------------  S Y S T E M  ---------------

OS: Windows 10.0 , 64 bit Build 17763 (10.0.17763.437)

CPU:total 2 (initial active 2) (2 cores per cpu, 1 threads per core) family 6 model 55 stepping 8, cmov, cx8, fxsr, mmx, sse, sse2, sse3, ssse3, sse4.1, sse4.2, popcnt, clmul, erms, 3dnowpref, tsc, tscinvbit

Memory: 4k page, physical 4076912k(364384k free), swap 16659824k(4116k free)

vm_info: Java HotSpot(TM) 64-Bit Server VM (25.201-b09) for windows-amd64 JRE (1.8.0_201-b09), built on Dec 15 2018 18:36:39 by "java_re" with MS VC++ 10.0 (VS2010)

time: Thu Apr 25 17:13:38 2019
timezone: RTZ 2 (зима)
elapsed time: 46 seconds (0d 0h 0m 46s)

